---------------------------------------------------------------
[ 2019-01-21T11:25:20+08:00 ] ::1 ::1 GET /taobaoke/
[ error ] [1049]SQLSTATE[HY000] [1049] Unknown database 'yingzi'
---------------------------------------------------------------
[ 2019-01-21T11:29:26+08:00 ] ::1 ::1 GET /taobaoke/admin.php/robotxuanpin/index.html
[ error ] [8]curl_setopt_array(): CURLOPT_SSL_VERIFYHOST no longer accepts the value 1, value 2 will be used instead
---------------------------------------------------------------
[ 2019-01-21T11:29:27+08:00 ] ::1 ::1 GET /taobaoke/admin.php/robotxuanpin/index.html
[ error ] [8]curl_setopt_array(): CURLOPT_SSL_VERIFYHOST no longer accepts the value 1, value 2 will be used instead
---------------------------------------------------------------
[ 2019-01-21T11:30:02+08:00 ] ::1 ::1 POST /taobaoke/admin.php/robotlanlan/collect_one.html
[ error ] [8]curl_setopt_array(): CURLOPT_SSL_VERIFYHOST no longer accepts the value 1, value 2 will be used instead
---------------------------------------------------------------
[ 2019-01-21T11:30:12+08:00 ] ::1 ::1 GET /taobaoke/admin.php/robotxuanpin/index.html
[ error ] [8]curl_setopt_array(): CURLOPT_SSL_VERIFYHOST no longer accepts the value 1, value 2 will be used instead
---------------------------------------------------------------
[ 2019-01-21T11:30:13+08:00 ] ::1 ::1 GET /taobaoke/admin.php/robotxuanpin/index.html
[ error ] [8]curl_setopt_array(): CURLOPT_SSL_VERIFYHOST no longer accepts the value 1, value 2 will be used instead
---------------------------------------------------------------
[ 2019-01-21T11:33:35+08:00 ] ::1 ::1 POST /taobaoke/admin.php/robotdtk/collect.html
[ error ] [8]curl_setopt_array(): CURLOPT_SSL_VERIFYHOST no longer accepts the value 1, value 2 will be used instead
---------------------------------------------------------------
[ 2019-01-21T11:33:44+08:00 ] ::1 ::1 POST /taobaoke/admin.php/robotdtk/collect.html
[ error ] [8]curl_setopt_array(): CURLOPT_SSL_VERIFYHOST no longer accepts the value 1, value 2 will be used instead
---------------------------------------------------------------
[ 2019-01-21T11:33:51+08:00 ] ::1 ::1 POST /taobaoke/admin.php/robotdtk/collect.html
[ error ] [8]curl_setopt_array(): CURLOPT_SSL_VERIFYHOST no longer accepts the value 1, value 2 will be used instead
---------------------------------------------------------------
[ 2019-01-21T11:33:53+08:00 ] ::1 ::1 POST /taobaoke/admin.php/robotdtk/collect.html
[ error ] [8]curl_setopt_array(): CURLOPT_SSL_VERIFYHOST no longer accepts the value 1, value 2 will be used instead
---------------------------------------------------------------
[ 2019-01-21T11:33:55+08:00 ] ::1 ::1 POST /taobaoke/admin.php/robotdtk/collect.html
[ error ] [8]curl_setopt_array(): CURLOPT_SSL_VERIFYHOST no longer accepts the value 1, value 2 will be used instead
---------------------------------------------------------------
[ 2019-01-21T11:33:58+08:00 ] ::1 ::1 POST /taobaoke/admin.php/robotdtk/collect.html
[ error ] [8]curl_setopt_array(): CURLOPT_SSL_VERIFYHOST no longer accepts the value 1, value 2 will be used instead
---------------------------------------------------------------
[ 2019-01-21T11:34:00+08:00 ] ::1 ::1 POST /taobaoke/admin.php/robotdtk/collect.html
[ error ] [8]curl_setopt_array(): CURLOPT_SSL_VERIFYHOST no longer accepts the value 1, value 2 will be used instead
---------------------------------------------------------------
[ 2019-01-21T11:34:03+08:00 ] ::1 ::1 POST /taobaoke/admin.php/robotdtk/collect.html
[ error ] [8]curl_setopt_array(): CURLOPT_SSL_VERIFYHOST no longer accepts the value 1, value 2 will be used instead
---------------------------------------------------------------
[ 2019-01-21T11:34:05+08:00 ] ::1 ::1 POST /taobaoke/admin.php/robotdtk/collect.html
[ error ] [8]curl_setopt_array(): CURLOPT_SSL_VERIFYHOST no longer accepts the value 1, value 2 will be used instead
---------------------------------------------------------------
[ 2019-01-21T11:34:07+08:00 ] ::1 ::1 POST /taobaoke/admin.php/robotdtk/collect.html
[ error ] [8]curl_setopt_array(): CURLOPT_SSL_VERIFYHOST no longer accepts the value 1, value 2 will be used instead
---------------------------------------------------------------
[ 2019-01-21T11:34:10+08:00 ] ::1 ::1 POST /taobaoke/admin.php/robotdtk/collect.html
[ error ] [8]curl_setopt_array(): CURLOPT_SSL_VERIFYHOST no longer accepts the value 1, value 2 will be used instead
---------------------------------------------------------------
[ 2019-01-21T11:34:12+08:00 ] ::1 ::1 POST /taobaoke/admin.php/robotdtk/collect.html
[ error ] [8]curl_setopt_array(): CURLOPT_SSL_VERIFYHOST no longer accepts the value 1, value 2 will be used instead
---------------------------------------------------------------
[ 2019-01-21T11:34:15+08:00 ] ::1 ::1 POST /taobaoke/admin.php/robotdtk/collect.html
[ error ] [8]curl_setopt_array(): CURLOPT_SSL_VERIFYHOST no longer accepts the value 1, value 2 will be used instead
---------------------------------------------------------------
[ 2019-01-21T11:34:17+08:00 ] ::1 ::1 POST /taobaoke/admin.php/robotdtk/collect.html
[ error ] [8]curl_setopt_array(): CURLOPT_SSL_VERIFYHOST no longer accepts the value 1, value 2 will be used instead
---------------------------------------------------------------
[ 2019-01-21T11:34:20+08:00 ] ::1 ::1 POST /taobaoke/admin.php/robotdtk/collect.html
[ error ] [8]curl_setopt_array(): CURLOPT_SSL_VERIFYHOST no longer accepts the value 1, value 2 will be used instead
---------------------------------------------------------------
[ 2019-01-21T11:34:22+08:00 ] ::1 ::1 POST /taobaoke/admin.php/robotdtk/collect.html
[ error ] [8]curl_setopt_array(): CURLOPT_SSL_VERIFYHOST no longer accepts the value 1, value 2 will be used instead
---------------------------------------------------------------
[ 2019-01-21T11:34:26+08:00 ] ::1 ::1 POST /taobaoke/admin.php/robotdtk/collect.html
[ error ] [8]curl_setopt_array(): CURLOPT_SSL_VERIFYHOST no longer accepts the value 1, value 2 will be used instead
---------------------------------------------------------------
[ 2019-01-21T11:42:02+08:00 ] ::1 ::1 POST /taobaoke/admin.php/robotalimama/collect_one.html
[ error ] [8]curl_setopt_array(): CURLOPT_SSL_VERIFYHOST no longer accepts the value 1, value 2 will be used instead
---------------------------------------------------------------
[ 2019-01-21T11:42:15+08:00 ] ::1 ::1 POST /taobaoke/admin.php/robotalimama/collect_all.html
[ error ] [8]curl_setopt_array(): CURLOPT_SSL_VERIFYHOST no longer accepts the value 1, value 2 will be used instead
---------------------------------------------------------------
[ 2019-01-21T11:42:28+08:00 ] ::1 ::1 GET /taobaoke/admin.php/robotxuanpinku/index.html
[ error ] [10501]SQLSTATE[23000]: Integrity constraint violation: 1062 Duplicate entry '1' for key 'PRIMARY'
