---------------------------------------------------------------
[ 2019-01-22T17:20:59+08:00 ] ::1 ::1 GET /taobaoke/admin.php/login/login
[ error ] [8]未定义数组索引: user
---------------------------------------------------------------
[ 2019-01-22T17:22:05+08:00 ] ::1 ::1 GET /taobaoke/admin.php/login/login?user=15127786124&pwd=lh3177
[ error ] [1]Class 'app\api\controller\User' not found
---------------------------------------------------------------
[ 2019-01-22T17:22:24+08:00 ] ::1 ::1 GET /taobaoke/admin.php/login/login?user=15127786124&pwd=lh3177
[ error ] [1]Class 'app\api\controller\User' not found
---------------------------------------------------------------
[ 2019-01-22T17:23:11+08:00 ] ::1 ::1 GET /taobaoke/admin.php/login/login?user=15127786124&pwd=lh3177
[ error ] [1]Class 'app\api\controller\User' not found
---------------------------------------------------------------
[ 2019-01-22T17:23:14+08:00 ] ::1 ::1 GET /taobaoke/admin.php/login/login
[ error ] [8]未定义数组索引: user
---------------------------------------------------------------
[ 2019-01-22T17:25:58+08:00 ] ::1 ::1 GET /taobaoke/admin.php/login/ceshi
[ error ] [1]Class 'app\api\controller\User' not found
---------------------------------------------------------------
[ 2019-01-22T17:27:14+08:00 ] ::1 ::1 GET /taobaoke/admin.php/login/ceshi
[ error ] [1]Class 'app\api\controller\User' not found
---------------------------------------------------------------
[ 2019-01-22T17:27:15+08:00 ] ::1 ::1 GET /taobaoke/admin.php/login/ceshi
[ error ] [1]Class 'app\api\controller\User' not found
---------------------------------------------------------------
[ 2019-01-22T17:27:15+08:00 ] ::1 ::1 GET /taobaoke/admin.php/login/ceshi
[ error ] [1]Class 'app\api\controller\User' not found
---------------------------------------------------------------
[ 2019-01-22T17:28:22+08:00 ] ::1 ::1 GET /taobaoke/admin.php/login/ceshi
[ error ] [1]Class 'app\admin\model\User' not found
---------------------------------------------------------------
[ 2019-01-22T17:28:23+08:00 ] ::1 ::1 GET /taobaoke/admin.php/login/ceshi
[ error ] [1]Class 'app\admin\model\User' not found
---------------------------------------------------------------
[ 2019-01-22T17:28:23+08:00 ] ::1 ::1 GET /taobaoke/admin.php/login/ceshi
[ error ] [1]Class 'app\admin\model\User' not found
---------------------------------------------------------------
[ 2019-01-22T17:28:23+08:00 ] ::1 ::1 GET /taobaoke/admin.php/login/ceshi
[ error ] [1]Class 'app\admin\model\User' not found
---------------------------------------------------------------
[ 2019-01-22T17:28:25+08:00 ] ::1 ::1 GET /taobaoke/admin.php/login/ceshi
[ error ] [1]Class 'app\admin\model\User' not found
---------------------------------------------------------------
[ 2019-01-22T17:28:28+08:00 ] ::1 ::1 GET /taobaoke/admin.php/login/ceshi
[ error ] [1]Class 'app\admin\model\User' not found
---------------------------------------------------------------
[ 2019-01-22T17:28:29+08:00 ] ::1 ::1 GET /taobaoke/admin.php/login/ceshi
[ error ] [1]Class 'app\admin\model\User' not found
---------------------------------------------------------------
[ 2019-01-22T17:28:29+08:00 ] ::1 ::1 GET /taobaoke/admin.php/login/ceshi
[ error ] [1]Class 'app\admin\model\User' not found
---------------------------------------------------------------
[ 2019-01-22T17:28:29+08:00 ] ::1 ::1 GET /taobaoke/admin.php/login/ceshi
[ error ] [1]Class 'app\admin\model\User' not found
---------------------------------------------------------------
[ 2019-01-22T17:28:47+08:00 ] ::1 ::1 GET /taobaoke/admin.php/login/ceshi
[ error ] [1]Class 'app\admin\model\User' not found
---------------------------------------------------------------
[ 2019-01-22T17:28:48+08:00 ] ::1 ::1 GET /taobaoke/admin.php/login/ceshi
[ error ] [1]Class 'app\admin\model\User' not found
---------------------------------------------------------------
[ 2019-01-22T17:28:49+08:00 ] ::1 ::1 GET /taobaoke/admin.php/login/ceshi
[ error ] [1]Class 'app\admin\model\User' not found
---------------------------------------------------------------
[ 2019-01-22T17:28:49+08:00 ] ::1 ::1 GET /taobaoke/admin.php/login/ceshi
[ error ] [1]Class 'app\admin\model\User' not found
---------------------------------------------------------------
[ 2019-01-22T17:28:49+08:00 ] ::1 ::1 GET /taobaoke/admin.php/login/ceshi
[ error ] [1]Class 'app\admin\model\User' not found
---------------------------------------------------------------
[ 2019-01-22T17:30:00+08:00 ] ::1 ::1 GET /taobaoke/admin.php/login/login?user=15127786124&pwd=lh3177
[ error ] [10501]SQLSTATE[42S02]: Base table or view not found: 1146 Table 'taobaoke.tpt_home_user' doesn't exist
---------------------------------------------------------------
[ 2019-01-22T17:30:01+08:00 ] ::1 ::1 GET /taobaoke/admin.php/login/login
[ error ] [8]未定义数组索引: user
---------------------------------------------------------------
[ 2019-01-22T17:32:12+08:00 ] ::1 ::1 GET /taobaoke/admin.php/login/login?user=15127786126&pwd=lh3177
[ error ] [10501]SQLSTATE[42S02]: Base table or view not found: 1146 Table 'taobaoke.tpt_home_user' doesn't exist
---------------------------------------------------------------
[ 2019-01-22T17:32:19+08:00 ] ::1 ::1 GET /taobaoke/admin.php/login/login?user=15127786126&pwd=lh3177
[ error ] [10501]SQLSTATE[42S02]: Base table or view not found: 1146 Table 'taobaoke.tpt_home_user' doesn't exist
---------------------------------------------------------------
[ 2019-01-22T17:32:27+08:00 ] ::1 ::1 GET /taobaoke/admin.php/login/login
[ error ] [8]未定义数组索引: user
---------------------------------------------------------------
[ 2019-01-22T17:32:32+08:00 ] ::1 ::1 GET /taobaoke/admin.php/login/login?user=15127786126&pwd=lh3177
[ error ] [10501]SQLSTATE[42S02]: Base table or view not found: 1146 Table 'taobaoke.tpt_home_user' doesn't exist
